<?xml version="1.0" encoding="utf-8"?>
<vector xmlns:android="http://schemas.android.com/apk/res/android"
    android:width="24dp"
    android:height="24dp"
    android:viewportWidth="24"
    android:viewportHeight="24">
    <path
        android:fillColor="#FFFFFF"
        android:pathData="M3,2v12h3v9l7,-12h-4l4,-9H3z"/>
    <path
        android:fillColor="#FFFFFF"
        android:pathData="M16,17h2v-2h-2v2zM16,13h2L18,7h-2v6z"/>
</vector>
